{
  "stats": {
    "suites": 1,
    "tests": 3,
    "passes": 3,
    "pending": 0,
    "failures": 0,
    "start": "2024-04-23T12:10:03.642Z",
    "end": "2024-04-23T12:10:03.677Z",
    "duration": 35,
    "testsRegistered": 3,
    "passPercent": 100,
    "pendingPercent": 0,
    "other": 0,
    "hasOther": false,
    "skipped": 0,
    "hasSkipped": false
  },
  "results": [
    {
      "uuid": "ce6d411f-86f7-4232-b08d-876995e9f32b",
      "title": "",
      "fullFile": "C:\\Users\\Arturas\\PROJECTS\\UnitTesting\\test\\numbers-validator\\isNumberEven.spec.js",
      "file": "\\test\\numbers-validator\\isNumberEven.spec.js",
      "beforeHooks": [],
      "afterHooks": [],
      "tests": [],
      "suites": [
        {
          "uuid": "ecaaf1a7-3a75-46b1-8520-bff521c8697a",
          "title": "isNumberEven positive tests",
          "fullFile": "C:\\Users\\Arturas\\PROJECTS\\UnitTesting\\test\\numbers-validator\\isNumberEven.spec.js",
          "file": "\\test\\numbers-validator\\isNumberEven.spec.js",
          "beforeHooks": [
            {
              "title": "\"before each\" hook in \"isNumberEven positive tests\"",
              "fullTitle": "isNumberEven positive tests \"before each\" hook in \"isNumberEven positive tests\"",
              "timedOut": false,
              "duration": 0,
              "state": null,
              "speed": null,
              "pass": false,
              "fail": false,
              "pending": false,
              "context": null,
              "code": "// Instantiates a new NumbersValidator object before each test and assigns it to 'validator'\nvalidator = new NumbersValidator();",
              "err": {},
              "uuid": "1b7341b8-dfb7-4edb-8af6-74f80477e4c6",
              "parentUUID": "ecaaf1a7-3a75-46b1-8520-bff521c8697a",
              "isHook": true,
              "skipped": false
            }
          ],
          "afterHooks": [
            {
              "title": "\"after each\" hook in \"isNumberEven positive tests\"",
              "fullTitle": "isNumberEven positive tests \"after each\" hook in \"isNumberEven positive tests\"",
              "timedOut": false,
              "duration": 0,
              "state": null,
              "speed": null,
              "pass": false,
              "fail": false,
              "pending": false,
              "context": null,
              "code": "// Sets the validator variable to null to clean up memory after each test\nvalidator = null;",
              "err": {},
              "uuid": "ce45a8d6-0772-4ec6-9136-fcd4db0aeb1a",
              "parentUUID": "ecaaf1a7-3a75-46b1-8520-bff521c8697a",
              "isHook": true,
              "skipped": false
            }
          ],
          "tests": [
            {
              "title": "should return true if number is even",
              "fullTitle": "isNumberEven positive tests should return true if number is even",
              "timedOut": false,
              "duration": 0,
              "state": "passed",
              "speed": "fast",
              "pass": true,
              "fail": false,
              "pending": false,
              "context": null,
              "code": "// Using 'expect' to assert that the 'isNumberEven' method returns true when\n// passed the even number 4. The '.to.be.equal(true)' is the actual assertion check.\nconst validationResults = validator.isNumberEven(4);\nexpect(validationResults).to.be.equal(true);",
              "err": {},
              "uuid": "09424901-3e26-4a3f-bb5d-15a08a75c86a",
              "parentUUID": "ecaaf1a7-3a75-46b1-8520-bff521c8697a",
              "isHook": false,
              "skipped": false
            },
            {
              "title": "should return false if number is even",
              "fullTitle": "isNumberEven positive tests should return false if number is even",
              "timedOut": false,
              "duration": 0,
              "state": "passed",
              "speed": "fast",
              "pass": true,
              "fail": false,
              "pending": false,
              "context": null,
              "code": "// Using 'expect' to assert that the 'isNumberEven' method returns true when\n// passed the even number 4. The '.to.be.equal(true)' is the actual assertion check.\nconst validationResults = validator.isNumberEven(5);\nexpect(validationResults).to.be.equal(false);",
              "err": {},
              "uuid": "960737a4-0bef-4bdc-9457-9418f260741c",
              "parentUUID": "ecaaf1a7-3a75-46b1-8520-bff521c8697a",
              "isHook": false,
              "skipped": false
            },
            {
              "title": "should throw an error when provided a string",
              "fullTitle": "isNumberEven positive tests should throw an error when provided a string",
              "timedOut": false,
              "duration": 3,
              "state": "passed",
              "speed": "fast",
              "pass": true,
              "fail": false,
              "pending": false,
              "context": null,
              "code": "expect(() => {\n  validator.isNumberEven(\"4\");\n}).to.throw('[4] is not of type \"Number\" it is of type \"string\"');",
              "err": {},
              "uuid": "1a93b564-ef76-4e1f-a5b5-2d250e031ee0",
              "parentUUID": "ecaaf1a7-3a75-46b1-8520-bff521c8697a",
              "isHook": false,
              "skipped": false
            }
          ],
          "suites": [],
          "passes": [
            "09424901-3e26-4a3f-bb5d-15a08a75c86a",
            "960737a4-0bef-4bdc-9457-9418f260741c",
            "1a93b564-ef76-4e1f-a5b5-2d250e031ee0"
          ],
          "failures": [],
          "pending": [],
          "skipped": [],
          "duration": 3,
          "root": false,
          "rootEmpty": false,
          "_timeout": 2000
        }
      ],
      "passes": [],
      "failures": [],
      "pending": [],
      "skipped": [],
      "duration": 0,
      "root": true,
      "rootEmpty": true,
      "_timeout": 2000
    }
  ],
  "meta": {
    "mocha": {
      "version": "10.4.0"
    },
    "mochawesome": {
      "options": {
        "quiet": false,
        "reportFilename": "mochawesome",
        "saveHtml": true,
        "saveJson": true,
        "consoleReporter": "spec",
        "useInlineDiffs": false,
        "code": true
      },
      "version": "7.1.3"
    },
    "marge": {
      "options": null,
      "version": "6.2.0"
    }
  }
}